
1월 10, 2020 18:52:25.94 NEW SESSION
1월 10, 2020 18:52:25.94 [7792:2848:0110/185225.927:ERROR:socket_stream.cc(218)] Closing stream with result -2
1월 10, 2020 18:52:26.95 [7792:2848:0110/185226.957:ERROR:socket_stream.cc(218)] Closing stream with result -2
1월 10, 2020 19:02:16.44 [7792:2848:0110/190216.445:ERROR:connection_factory_impl.cc(418)] Failed to connect to MCS endpoint with error -106
1월 10, 2020 19:04:05.40 [7792:2848:0110/190405.403:ERROR:socket_stream.cc(218)] Closing stream with result -2
1월 10, 2020 19:04:06.69 [7792:2848:0110/190406.695:ERROR:socket_stream.cc(218)] Closing stream with result -2
1월 10, 2020 19:06:59.37 [7792:2848:0110/190659.370:ERROR:connection_factory_impl.cc(418)] Failed to connect to MCS endpoint with error -106
1월 10, 2020 19:07:06.38 [7792:2848:0110/190706.387:ERROR:connection_factory_impl.cc(418)] Failed to connect to MCS endpoint with error -21
1월 10, 2020 19:57:05.52 [7792:2848:0110/195705.521:ERROR:connection_factory_impl.cc(418)] Failed to connect to MCS endpoint with error -106
1월 10, 2020 21:47:35.60 [7792:2848:0110/214735.606:ERROR:connection_factory_impl.cc(418)] Failed to connect to MCS endpoint with error -106
1월 10, 2020 21:47:44.35 [7792:2848:0110/214744.352:ERROR:connection_factory_impl.cc(418)] Failed to connect to MCS endpoint with error -21
1월 10, 2020 21:50:13.94 [7792:2848:0110/215013.940:ERROR:socket_stream.cc(218)] Closing stream with result -2
1월 10, 2020 21:50:16.92 [7792:2848:0110/215016.922:ERROR:socket_stream.cc(218)] Closing stream with result -2
1월 10, 2020 23:57:30.64 [7792:1396:0110/235730.640:ERROR:gcm_channel_status_request.cc(145)] GCM channel request failed.
1월 10, 2020 23:57:31.16 [7792:13064:0110/235730.640:ERROR:get_updates_processor.cc(246)] PostClientToServerMessage() failed during GetUpdates
1월 11, 2020 24:03:18.54 [7792:1396:0111/000318.546:ERROR:gcm_channel_status_request.cc(145)] GCM channel request failed.
1월 11, 2020 24:03:19.54 [7792:2848:0111/000319.541:ERROR:connection_factory_impl.cc(418)] Failed to connect to MCS endpoint with error -106

1월 14, 2020 18:40:20.49 NEW SESSION
1월 14, 2020 18:40:20.49 [17080:18168:0114/184020.481:ERROR:socket_stream.cc(218)] Closing stream with result -2
1월 14, 2020 18:40:23.33 [17080:18168:0114/184023.337:ERROR:socket_stream.cc(218)] Closing stream with result -2
1월 14, 2020 19:01:41.53 [17080:18168:0114/190141.533:ERROR:connection_factory_impl.cc(418)] Failed to connect to MCS endpoint with error -106
1월 14, 2020 19:02:16.93 [17080:18168:0114/190216.939:ERROR:connection_factory_impl.cc(418)] Failed to connect to MCS endpoint with error -118
1월 14, 2020 19:02:23.83 [17080:18168:0114/190223.838:ERROR:connection_factory_impl.cc(418)] Failed to connect to MCS endpoint with error -21
1월 14, 2020 19:02:26.72 [17080:18168:0114/190226.728:ERROR:connection_factory_impl.cc(418)] Failed to connect to MCS endpoint with error -106
1월 14, 2020 19:03:01.55 [17080:18168:0114/190301.555:ERROR:connection_factory_impl.cc(418)] Failed to connect to MCS endpoint with error -106
1월 14, 2020 21:48:54.06 [17080:18168:0114/214854.065:ERROR:socket_stream.cc(218)] Closing stream with result -2
1월 14, 2020 21:48:56.77 [17080:18168:0114/214856.773:ERROR:socket_stream.cc(218)] Closing stream with result -2
1월 14, 2020 23:39:30.18 [17080:17504:0114/233930.184:ERROR:gcm_channel_status_request.cc(145)] GCM channel request failed.
1월 14, 2020 23:39:30.53 [17080:18168:0114/233930.538:ERROR:connection_factory_impl.cc(418)] Failed to connect to MCS endpoint with error -106
1월 14, 2020 23:54:51.57 [17080:17504:0114/235451.575:ERROR:gcm_channel_status_request.cc(145)] GCM channel request failed.
1월 14, 2020 23:54:52.59 [17080:18168:0114/235452.591:ERROR:connection_factory_impl.cc(418)] Failed to connect to MCS endpoint with error -106
